<?xml version="1.0" encoding="UTF-8"?>
<!-- Generated by org.testng.reporters.JUnitReportReporter -->
<testsuite hostname="DESKTOP-DERO07E" failures="0" tests="3" name="com.TestNG.Demo" time="11.754" errors="0" timestamp="2024-11-12T14:49:52 IST" skipped="1">
  <testcase classname="com.TestNG.Demo" name="instagram" time="5.705"/>
  <testcase classname="com.TestNG.Demo" name="Goggle" time="6.049"/>
  <testcase classname="com.TestNG.Demo" name="Facebook">
    <skipped/>
  </testcase> <!-- Facebook -->
</testsuite> <!-- com.TestNG.Demo -->
