<?xml version="1.0" encoding="UTF-8"?>
<!-- Generated by org.testng.reporters.JUnitReportReporter -->
<testsuite hostname="DESKTOP-DERO07E" failures="0" tests="1" name="com.TestNG.Flipkart" time="9.838" errors="0" timestamp="2024-11-14T14:18:37 IST" skipped="0">
  <testcase classname="com.TestNG.Flipkart" name="phone" time="9.838"/>
</testsuite> <!-- com.TestNG.Flipkart -->
