<?xml version="1.0" encoding="UTF-8"?>
<!-- Generated by org.testng.reporters.JUnitReportReporter -->
<testsuite hostname="DESKTOP-DERO07E" failures="0" tests="3" name="com.TestNG.DemoFile" time="15.882" errors="0" timestamp="2024-11-13T13:41:44 IST" skipped="0">
  <testcase classname="com.TestNG.DemoFile" name="instagram" time="3.432"/>
  <testcase classname="com.TestNG.DemoFile" name="instagram" time="6.272"/>
  <testcase classname="com.TestNG.DemoFile" name="flipkart" time="6.178"/>
</testsuite> <!-- com.TestNG.DemoFile -->
