<?xml version="1.0" encoding="UTF-8"?>
<!-- Generated by org.testng.reporters.JUnitReportReporter -->
<testsuite hostname="DESKTOP-DERO07E" failures="0" tests="2" name="com.TestNG.FlipkartUssingAnnotation" time="19.059" errors="0" timestamp="2024-11-13T14:51:02 IST" skipped="0">
  <testcase classname="com.TestNG.FlipkartUssingAnnotation" name="shose" time="9.798"/>
  <testcase classname="com.TestNG.FlipkartUssingAnnotation" name="mobile" time="9.261"/>
</testsuite> <!-- com.TestNG.FlipkartUssingAnnotation -->
