<?xml version="1.0" encoding="UTF-8"?>
<!-- Generated by org.testng.reporters.JUnitReportReporter -->
<testsuite hostname="DESKTOP-DERO07E" failures="0" tests="1" name="com.TestNG.AssertionDemo" time="6.327" errors="0" timestamp="2024-11-19T14:45:22 IST" skipped="0">
  <testcase classname="com.TestNG.AssertionDemo" name="GoogleSearch" time="6.327"/>
</testsuite> <!-- com.TestNG.AssertionDemo -->
