<?xml version="1.0" encoding="UTF-8"?>
<!-- Generated by org.testng.reporters.JUnitReportReporter -->
<testsuite hostname="DESKTOP-DERO07E" failures="0" tests="1" name="com.TestNG.Flipkart" time="15.340" errors="0" timestamp="2024-11-28T14:19:01 IST" skipped="0">
  <testcase classname="com.TestNG.Flipkart" name="phone" time="15.340"/>
</testsuite> <!-- com.TestNG.Flipkart -->
